{"code":"ERR_HTTP_HEADERS_SENT","level":"error"}
{"message":{"command":"INSERT","rowCount":1,"oid":0,"rows":[{"section_id":68,"section_name":"і","cuisine_id":2}],"fields":[{"name":"section_id","tableID":58733,"columnID":1,"dataTypeID":23,"dataTypeSize":4,"dataTypeModifier":-1,"format":"text"},{"name":"section_name","tableID":58733,"columnID":2,"dataTypeID":1043,"dataTypeSize":-1,"dataTypeModifier":259,"format":"text"},{"name":"cuisine_id","tableID":58733,"columnID":3,"dataTypeID":23,"dataTypeSize":4,"dataTypeModifier":-1,"format":"text"}],"_parsers":[null,null,null],"_types":{"_types":{"arrayParser":{},"builtins":{"BOOL":16,"BYTEA":17,"CHAR":18,"INT8":20,"INT2":21,"INT4":23,"REGPROC":24,"TEXT":25,"OID":26,"TID":27,"XID":28,"CID":29,"JSON":114,"XML":142,"PG_NODE_TREE":194,"SMGR":210,"PATH":602,"POLYGON":604,"CIDR":650,"FLOAT4":700,"FLOAT8":701,"ABSTIME":702,"RELTIME":703,"TINTERVAL":704,"CIRCLE":718,"MACADDR8":774,"MONEY":790,"MACADDR":829,"INET":869,"ACLITEM":1033,"BPCHAR":1042,"VARCHAR":1043,"DATE":1082,"TIME":1083,"TIMESTAMP":1114,"TIMESTAMPTZ":1184,"INTERVAL":1186,"TIMETZ":1266,"BIT":1560,"VARBIT":1562,"NUMERIC":1700,"REFCURSOR":1790,"REGPROCEDURE":2202,"REGOPER":2203,"REGOPERATOR":2204,"REGCLASS":2205,"REGTYPE":2206,"UUID":2950,"TXID_SNAPSHOT":2970,"PG_LSN":3220,"PG_NDISTINCT":3361,"PG_DEPENDENCIES":3402,"TSVECTOR":3614,"TSQUERY":3615,"GTSVECTOR":3642,"REGCONFIG":3734,"REGDICTIONARY":3769,"JSONB":3802,"REGNAMESPACE":4089,"REGROLE":4096}},"text":{},"binary":{}},"RowCtor":null,"rowAsArray":false},"level":"error"}
{"length":148,"name":"error","severity":"FATAL","code":"3D000","file":"postinit.c","line":"875","routine":"InitPostgres","level":"error"}
{"length":148,"name":"error","severity":"FATAL","code":"3D000","file":"postinit.c","line":"875","routine":"InitPostgres","level":"error"}
{"length":148,"name":"error","severity":"FATAL","code":"3D000","file":"postinit.c","line":"875","routine":"InitPostgres","level":"error"}
{"length":148,"name":"error","severity":"FATAL","code":"3D000","file":"postinit.c","line":"875","routine":"InitPostgres","level":"error"}
{"length":138,"name":"error","severity":"ERROR","code":"08P01","file":"postgres.c","line":"1697","routine":"exec_bind_message","level":"error"}
{"length":107,"name":"error","severity":"ERROR","code":"42703","position":"24","file":"parse_relation.c","line":"3504","routine":"errorMissingColumn","level":"error"}
{"level":"error"}
{"level":"error"}
{"length":104,"name":"error","severity":"ERROR","code":"22007","file":"datetime.c","line":"3755","routine":"DateTimeParseError","level":"error"}
{"level":"error"}
{"length":104,"name":"error","severity":"ERROR","code":"22007","file":"datetime.c","line":"3755","routine":"DateTimeParseError","level":"error"}
{"length":104,"name":"error","severity":"ERROR","code":"22007","file":"datetime.c","line":"3755","routine":"DateTimeParseError","level":"error"}
{"length":104,"name":"error","severity":"ERROR","code":"22007","file":"datetime.c","line":"3755","routine":"DateTimeParseError","level":"error"}
{"length":104,"name":"error","severity":"ERROR","code":"22007","file":"datetime.c","line":"3755","routine":"DateTimeParseError","level":"error"}
{"errno":-4039,"code":"ETIMEDOUT","syscall":"connect","address":"52.21.252.142","port":5432,"level":"error"}
{"errno":-4039,"code":"ETIMEDOUT","syscall":"connect","address":"52.21.252.142","port":5432,"level":"error"}
{"level":"error"}
{"level":"error"}
{"level":"error"}
{"base":"postgres://base","code":"ERR_INVALID_URL","input":"postgresql://postgres:iQmYWYRWANyFWFWpMbaWcHRAkpbkmmiY@viaduct.proxy.rlwy.net:50623%20-d/railway","level":"error"}
{"base":"postgres://base","code":"ERR_INVALID_URL","input":"postgresql://postgres:iQmYWYRWANyFWFWpMbaWcHRAkpbkmmiY@viaduct.proxy.rlwy.net:50623%20-d/railway","level":"error"}
{"base":"postgres://base","code":"ERR_INVALID_URL","input":"postgresql://postgres:iQmYWYRWANyFWFWpMbaWcHRAkpbkmmiY@viaduct.proxy.rlwy.net:50623%20-d/railway","level":"error"}
{"base":"postgres://base","code":"ERR_INVALID_URL","input":"postgresql://postgres:iQmYWYRWANyFWFWpMbaWcHRAkpbkmmiY@viaduct.proxy.rlwy.net:50623%20-d/railway","level":"error"}
{"base":"postgres://base","code":"ERR_INVALID_URL","input":"postgresql://postgres:iQmYWYRWANyFWFWpMbaWcHRAkpbkmmiY@viaduct.proxy.rlwy.net:50623%20-d/railway","level":"error"}
{"base":"postgres://base","code":"ERR_INVALID_URL","input":"postgresql://postgres:iQmYWYRWANyFWFWpMbaWcHRAkpbkmmiY@viaduct.proxy.rlwy.net:50623%20-d/railway","level":"error"}
{"base":"postgres://base","code":"ERR_INVALID_URL","input":"postgresql://postgres:iQmYWYRWANyFWFWpMbaWcHRAkpbkmmiY@viaduct.proxy.rlwy.net:50623%20-d/railway","level":"error"}
{"base":"postgres://base","code":"ERR_INVALID_URL","input":"postgresql://postgres:iQmYWYRWANyFWFWpMbaWcHRAkpbkmmiY@viaduct.proxy.rlwy.net:50623%20-d/railway","level":"error"}
